<?xml version="1.0" encoding="UTF-8" ?>
<testsuite errors="0" failures="0" hostname="brillig" name="org.sd.anttasks.TestDependenciesTask" tests="3" time="0.074" timestamp="2009-07-24T05:45:51">
  <properties>
    <property name="java.vendor" value="Sun Microsystems Inc." />
    <property name="copyright.year" value="2009" />
    <property name="sun.java.launcher" value="SUN_STANDARD" />
    <property name="sun.management.compiler" value="HotSpot Tiered Compilers" />
    <property name="dist" value="../../core/jars/ext" />
    <property name="lib" value="jars" />
    <property name="os.name" value="Linux" />
    <property name="sun.boot.class.path" value="/usr/local/java/jdk1.6.0_05/jre/lib/resources.jar:/usr/local/java/jdk1.6.0_05/jre/lib/rt.jar:/usr/local/java/jdk1.6.0_05/jre/lib/sunrsasign.jar:/usr/local/java/jdk1.6.0_05/jre/lib/jsse.jar:/usr/local/java/jdk1.6.0_05/jre/lib/jce.jar:/usr/local/java/jdk1.6.0_05/jre/lib/charsets.jar:/usr/local/java/jdk1.6.0_05/jre/classes" />
    <property name="TODAY" value="July 23 2009" />
    <property name="ant.file.sd" value="/home/sbk/co/googlecode/semanticdiscoverytoolkit/build.xml" />
    <property name="junit.test.src" value="src/test/junit" />
    <property name="java.vm.specification.vendor" value="Sun Microsystems Inc." />
    <property name="ant.home" value="/etc/opt/ant" />
    <property name="java.runtime.version" value="1.6.0_05-b13" />
    <property name="ant.file.sd.anttasks" value="/home/sbk/co/googlecode/semanticdiscoverytoolkit/tools/anttasks/build.xml" />
    <property name="user.name" value="sbk" />
    <property name="reports" value="build/reports" />
    <property name="user.language" value="en" />
    <property name="build" value="build" />
    <property name="sun.boot.library.path" value="/usr/local/java/jdk1.6.0_05/jre/lib/i386" />
    <property name="ant.project.name" value="sd.anttasks" />
    <property name="DSTAMP" value="20090723" />
    <property name="java.version" value="1.6.0_05" />
    <property name="classes" value="build/classes" />
    <property name="user.timezone" value="" />
    <property name="buildNumber" value="2009-07-23" />
    <property name="sun.arch.data.model" value="32" />
    <property name="junit.test.classes" value="build/junit-test-classes" />
    <property name="java.endorsed.dirs" value="/usr/local/java/jdk1.6.0_05/jre/lib/endorsed" />
    <property name="jar" value="sd-anttasks" />
    <property name="sun.cpu.isalist" value="" />
    <property name="sun.jnu.encoding" value="UTF-8" />
    <property name="file.encoding.pkg" value="sun.io" />
    <property name="file.separator" value="/" />
    <property name="java.specification.name" value="Java Platform API Specification" />
    <property name="java.class.version" value="50.0" />
    <property name="src" value="src/java" />
    <property name="user.country" value="US" />
    <property name="java.home" value="/usr/local/java/jdk1.6.0_05/jre" />
    <property name="java.vm.info" value="mixed mode" />
    <property name="ant.file" value="/home/sbk/co/googlecode/semanticdiscoverytoolkit/tools/anttasks/build.xml" />
    <property name="os.version" value="2.6.28-13-generic" />
    <property name="path.separator" value=":" />
    <property name="java.vm.version" value="10.0-b19" />
    <property name="docs" value="build/doc" />
    <property name="ant.library.dir" value="/etc/opt/ant/lib" />
    <property name="java.awt.printerjob" value="sun.print.PSPrinterJob" />
    <property name="sun.io.unicode.encoding" value="UnicodeLittle" />
    <property name="user.home" value="/home/sbk" />
    <property name="java.specification.vendor" value="Sun Microsystems Inc." />
    <property name="java.library.path" value="/usr/local/java/jdk1.6.0_05/jre/lib/i386/server:/usr/local/java/jdk1.6.0_05/jre/lib/i386:/usr/local/java/jdk1.6.0_05/jre/../lib/i386:/usr/java/packages/lib/i386:/lib:/usr/lib" />
    <property name="java.vendor.url" value="http://java.sun.com/" />
    <property name="java.vm.vendor" value="Sun Microsystems Inc." />
    <property name="java.runtime.name" value="Java(TM) SE Runtime Environment" />
    <property name="java.class.path" value="/home/sbk/co/googlecode/semanticdiscoverytoolkit/tools/anttasks/build/classes:/home/sbk/co/googlecode/semanticdiscoverytoolkit/tools/anttasks/build/junit-test-classes:/home/sbk/co/googlecode/semanticdiscoverytoolkit/tools/anttasks/jars/ant.jar:/home/sbk/co/googlecode/semanticdiscoverytoolkit/tools/anttasks/jars/junit.jar:/usr/local/ant/apache-ant-1.7.1/lib/ant-launcher.jar:/etc/opt/ant/lib/ant.jar:/etc/opt/ant/lib/ant-junit.jar" />
    <property name="ant.version" value="Apache Ant version 1.7.1 compiled on June 27 2008" />
    <property name="TSTAMP" value="2345" />
    <property name="ldist" value="../../core/jars/ext" />
    <property name="java.vm.specification.name" value="Java Virtual Machine Specification" />
    <property name="java.vm.specification.version" value="1.0" />
    <property name="sun.cpu.endian" value="little" />
    <property name="sun.os.patch.level" value="unknown" />
    <property name="java.io.tmpdir" value="/tmp" />
    <property name="java.vendor.url.bug" value="http://java.sun.com/cgi-bin/bugreport.cgi" />
    <property name="os.arch" value="i386" />
    <property name="java.awt.graphicsenv" value="sun.awt.X11GraphicsEnvironment" />
    <property name="java.ext.dirs" value="/usr/local/java/jdk1.6.0_05/jre/lib/ext:/usr/java/packages/lib/ext" />
    <property name="user.dir" value="/home/sbk/co/googlecode/semanticdiscoverytoolkit" />
    <property name="line.separator" value="
" />
    <property name="java.vm.name" value="Java HotSpot(TM) Server VM" />
    <property name="basedir" value="/home/sbk/co/googlecode/semanticdiscoverytoolkit/tools/anttasks" />
    <property name="ant.java.version" value="1.6" />
    <property name="ant.core.lib" value="/etc/opt/ant/lib/ant.jar" />
    <property name="file.encoding" value="UTF-8" />
    <property name="java.specification.version" value="1.6" />
  </properties>
  <testcase classname="org.sd.anttasks.TestDependenciesTask" name="testAsString" time="0.0050" />
  <testcase classname="org.sd.anttasks.TestDependenciesTask" name="testNullModulePattern" time="0.0010" />
  <testcase classname="org.sd.anttasks.TestDependenciesTask" name="testModulePattern" time="0.0010" />
  <system-out><![CDATA[]]></system-out>
  <system-err><![CDATA[]]></system-err>
</testsuite>
